SF:lib\src\screens\common_screen\counter.dart
DA:4,2
DA:6,1
DA:7,2
DA:10,1
DA:11,2
LF:5
LH:5
end_of_record
SF:lib\src\screens\pages\profile_page.dart
DA:4,2
DA:6,2
DA:8,2
DA:10,2
DA:12,2
DA:13,2
DA:15,2
DA:17,2
DA:18,2
DA:19,2
DA:25,8
DA:26,2
DA:27,6
DA:29,2
DA:33,2
DA:36,0
LF:16
LH:15
end_of_record
SF:lib\src\persistence_nav\persistence_nav.dart
DA:8,1
DA:10,1
DA:11,1
DA:16,1
DA:18,2
DA:19,1
DA:22,1
DA:23,3
DA:26,1
DA:27,1
DA:28,1
DA:29,1
DA:42,1
DA:43,1
DA:59,1
DA:62,1
DA:64,1
DA:65,1
DA:66,1
DA:75,1
LF:20
LH:20
end_of_record
SF:lib\src\screens\pages\home_page.dart
DA:4,1
DA:6,1
DA:8,1
DA:9,1
DA:10,1
DA:11,1
DA:13,1
DA:15,1
DA:17,1
DA:18,1
DA:19,3
DA:21,1
DA:23,1
DA:25,1
DA:27,1
DA:28,1
DA:29,3
DA:31,1
DA:38,1
DA:39,0
LF:20
LH:19
end_of_record
